2024-02-08 21:55:38,987 [Worker-3: Loading available Gradle versions] INFO  o.e.b.c.i.u.g.PublishedGradleVersions - Gradle version information cache is up-to-date. Trying to read.
2024-02-12 10:28:43,366 [Worker-3: Loading available Gradle versions] INFO  o.e.b.c.i.u.g.PublishedGradleVersions - Gradle version information cache is out-of-date. Trying to update.
2024-02-12 12:16:22,978 [Worker-2: Loading available Gradle versions] INFO  o.e.b.c.i.u.g.PublishedGradleVersions - Gradle version information cache is up-to-date. Trying to read.
2024-02-13 09:16:09,755 [Worker-2: Loading available Gradle versions] INFO  o.e.b.c.i.u.g.PublishedGradleVersions - Gradle version information cache is up-to-date. Trying to read.
2024-02-13 10:49:41,562 [Worker-0: Loading available Gradle versions] INFO  o.e.b.c.i.u.g.PublishedGradleVersions - Gradle version information cache is out-of-date. Trying to update.
2024-02-13 16:15:50,712 [Worker-2: Loading available Gradle versions] INFO  o.e.b.c.i.u.g.PublishedGradleVersions - Gradle version information cache is up-to-date. Trying to read.
2024-02-14 11:15:09,349 [Worker-3: Loading available Gradle versions] INFO  o.e.b.c.i.u.g.PublishedGradleVersions - Gradle version information cache is out-of-date. Trying to update.
2024-02-14 11:15:24,963 [Worker-3: Loading available Gradle versions] INFO  o.e.b.c.i.u.g.PublishedGradleVersions - Updating Gradle version information cache failed. Using outdated cache.
2024-02-15 09:49:30,252 [Worker-3: Loading available Gradle versions] INFO  o.e.b.c.i.u.g.PublishedGradleVersions - Gradle version information cache is out-of-date. Trying to update.
2024-02-15 10:53:17,010 [Worker-2: Loading available Gradle versions] INFO  o.e.b.c.i.u.g.PublishedGradleVersions - Gradle version information cache is up-to-date. Trying to read.
2024-02-15 12:16:04,891 [Worker-4: Loading available Gradle versions] INFO  o.e.b.c.i.u.g.PublishedGradleVersions - Gradle version information cache is up-to-date. Trying to read.
2024-02-15 15:40:12,856 [Worker-2: Loading available Gradle versions] INFO  o.e.b.c.i.u.g.PublishedGradleVersions - Gradle version information cache is up-to-date. Trying to read.
2024-02-15 15:53:53,566 [Worker-14: Launching mavenrun-378d37a7-7df6-4b50-b6fc-4865ace56b74] INFO  o.eclipse.m2e.core.internal.Bundles - getClasspathEntries(Bundle=org.eclipse.m2e.maven.runtime_3.9.500.20231113-2345 [1370])
2024-02-15 15:53:53,629 [Worker-14: Launching mavenrun-378d37a7-7df6-4b50-b6fc-4865ace56b74] INFO  o.eclipse.m2e.core.internal.Bundles - 	Entry: C:\Users\user\.p2\pool\plugins\org.eclipse.m2e.maven.runtime_3.9.500.20231113-2345
2024-02-15 15:53:53,631 [Worker-14: Launching mavenrun-378d37a7-7df6-4b50-b6fc-4865ace56b74] INFO  o.eclipse.m2e.core.internal.Bundles - 	Entry: C:\Users\user\.p2\pool\plugins\org.eclipse.m2e.maven.runtime_3.9.500.20231113-2345\jars\aopalliance-1.0.jar
2024-02-15 15:53:53,633 [Worker-14: Launching mavenrun-378d37a7-7df6-4b50-b6fc-4865ace56b74] INFO  o.eclipse.m2e.core.internal.Bundles - 	Entry: C:\Users\user\.p2\pool\plugins\org.eclipse.m2e.maven.runtime_3.9.500.20231113-2345\jars\guice-5.1.0.jar
2024-02-15 15:53:53,634 [Worker-14: Launching mavenrun-378d37a7-7df6-4b50-b6fc-4865ace56b74] INFO  o.eclipse.m2e.core.internal.Bundles - 	Entry: C:\Users\user\.p2\pool\plugins\org.eclipse.m2e.maven.runtime_3.9.500.20231113-2345\jars\httpclient-4.5.14.jar
2024-02-15 15:53:53,635 [Worker-14: Launching mavenrun-378d37a7-7df6-4b50-b6fc-4865ace56b74] INFO  o.eclipse.m2e.core.internal.Bundles - 	Entry: C:\Users\user\.p2\pool\plugins\org.eclipse.m2e.maven.runtime_3.9.500.20231113-2345\jars\httpcore-4.4.16.jar
2024-02-15 15:53:53,636 [Worker-14: Launching mavenrun-378d37a7-7df6-4b50-b6fc-4865ace56b74] INFO  o.eclipse.m2e.core.internal.Bundles - 	Entry: C:\Users\user\.p2\pool\plugins\org.eclipse.m2e.maven.runtime_3.9.500.20231113-2345\jars\jansi-2.4.0.jar
2024-02-15 15:53:53,638 [Worker-14: Launching mavenrun-378d37a7-7df6-4b50-b6fc-4865ace56b74] INFO  o.eclipse.m2e.core.internal.Bundles - 	Entry: C:\Users\user\.p2\pool\plugins\org.eclipse.m2e.maven.runtime_3.9.500.20231113-2345\jars\jcl-over-slf4j-1.7.36.jar
2024-02-15 15:53:53,639 [Worker-14: Launching mavenrun-378d37a7-7df6-4b50-b6fc-4865ace56b74] INFO  o.eclipse.m2e.core.internal.Bundles - 	Entry: C:\Users\user\.p2\pool\plugins\org.eclipse.m2e.maven.runtime_3.9.500.20231113-2345\jars\maven-artifact-3.9.5.jar
2024-02-15 15:53:53,641 [Worker-14: Launching mavenrun-378d37a7-7df6-4b50-b6fc-4865ace56b74] INFO  o.eclipse.m2e.core.internal.Bundles - 	Entry: C:\Users\user\.p2\pool\plugins\org.eclipse.m2e.maven.runtime_3.9.500.20231113-2345\jars\maven-builder-support-3.9.5.jar
2024-02-15 15:53:53,642 [Worker-14: Launching mavenrun-378d37a7-7df6-4b50-b6fc-4865ace56b74] INFO  o.eclipse.m2e.core.internal.Bundles - 	Entry: C:\Users\user\.p2\pool\plugins\org.eclipse.m2e.maven.runtime_3.9.500.20231113-2345\jars\maven-compat-3.9.5.jar
2024-02-15 15:53:53,643 [Worker-14: Launching mavenrun-378d37a7-7df6-4b50-b6fc-4865ace56b74] INFO  o.eclipse.m2e.core.internal.Bundles - 	Entry: C:\Users\user\.p2\pool\plugins\org.eclipse.m2e.maven.runtime_3.9.500.20231113-2345\jars\maven-core-3.9.5.jar
2024-02-15 15:53:53,644 [Worker-14: Launching mavenrun-378d37a7-7df6-4b50-b6fc-4865ace56b74] INFO  o.eclipse.m2e.core.internal.Bundles - 	Entry: C:\Users\user\.p2\pool\plugins\org.eclipse.m2e.maven.runtime_3.9.500.20231113-2345\jars\maven-embedder-3.9.5.jar
2024-02-15 15:53:53,646 [Worker-14: Launching mavenrun-378d37a7-7df6-4b50-b6fc-4865ace56b74] INFO  o.eclipse.m2e.core.internal.Bundles - 	Entry: C:\Users\user\.p2\pool\plugins\org.eclipse.m2e.maven.runtime_3.9.500.20231113-2345\jars\maven-model-3.9.5.jar
2024-02-15 15:53:53,647 [Worker-14: Launching mavenrun-378d37a7-7df6-4b50-b6fc-4865ace56b74] INFO  o.eclipse.m2e.core.internal.Bundles - 	Entry: C:\Users\user\.p2\pool\plugins\org.eclipse.m2e.maven.runtime_3.9.500.20231113-2345\jars\maven-model-builder-3.9.5.jar
2024-02-15 15:53:53,649 [Worker-14: Launching mavenrun-378d37a7-7df6-4b50-b6fc-4865ace56b74] INFO  o.eclipse.m2e.core.internal.Bundles - 	Entry: C:\Users\user\.p2\pool\plugins\org.eclipse.m2e.maven.runtime_3.9.500.20231113-2345\jars\maven-plugin-api-3.9.5.jar
2024-02-15 15:53:53,650 [Worker-14: Launching mavenrun-378d37a7-7df6-4b50-b6fc-4865ace56b74] INFO  o.eclipse.m2e.core.internal.Bundles - 	Entry: C:\Users\user\.p2\pool\plugins\org.eclipse.m2e.maven.runtime_3.9.500.20231113-2345\jars\maven-repository-metadata-3.9.5.jar
2024-02-15 15:53:53,651 [Worker-14: Launching mavenrun-378d37a7-7df6-4b50-b6fc-4865ace56b74] INFO  o.eclipse.m2e.core.internal.Bundles - 	Entry: C:\Users\user\.p2\pool\plugins\org.eclipse.m2e.maven.runtime_3.9.500.20231113-2345\jars\maven-resolver-api-1.9.16.jar
2024-02-15 15:53:53,652 [Worker-14: Launching mavenrun-378d37a7-7df6-4b50-b6fc-4865ace56b74] INFO  o.eclipse.m2e.core.internal.Bundles - 	Entry: C:\Users\user\.p2\pool\plugins\org.eclipse.m2e.maven.runtime_3.9.500.20231113-2345\jars\maven-resolver-connector-basic-1.9.16.jar
2024-02-15 15:53:53,655 [Worker-14: Launching mavenrun-378d37a7-7df6-4b50-b6fc-4865ace56b74] INFO  o.eclipse.m2e.core.internal.Bundles - 	Entry: C:\Users\user\.p2\pool\plugins\org.eclipse.m2e.maven.runtime_3.9.500.20231113-2345\jars\maven-resolver-impl-1.9.16.jar
2024-02-15 15:53:53,657 [Worker-14: Launching mavenrun-378d37a7-7df6-4b50-b6fc-4865ace56b74] INFO  o.eclipse.m2e.core.internal.Bundles - 	Entry: C:\Users\user\.p2\pool\plugins\org.eclipse.m2e.maven.runtime_3.9.500.20231113-2345\jars\maven-resolver-named-locks-1.9.16.jar
2024-02-15 15:53:53,659 [Worker-14: Launching mavenrun-378d37a7-7df6-4b50-b6fc-4865ace56b74] INFO  o.eclipse.m2e.core.internal.Bundles - 	Entry: C:\Users\user\.p2\pool\plugins\org.eclipse.m2e.maven.runtime_3.9.500.20231113-2345\jars\maven-resolver-provider-3.9.5.jar
2024-02-15 15:53:53,660 [Worker-14: Launching mavenrun-378d37a7-7df6-4b50-b6fc-4865ace56b74] INFO  o.eclipse.m2e.core.internal.Bundles - 	Entry: C:\Users\user\.p2\pool\plugins\org.eclipse.m2e.maven.runtime_3.9.500.20231113-2345\jars\maven-resolver-spi-1.9.16.jar
2024-02-15 15:53:53,661 [Worker-14: Launching mavenrun-378d37a7-7df6-4b50-b6fc-4865ace56b74] INFO  o.eclipse.m2e.core.internal.Bundles - 	Entry: C:\Users\user\.p2\pool\plugins\org.eclipse.m2e.maven.runtime_3.9.500.20231113-2345\jars\maven-resolver-transport-file-1.9.16.jar
2024-02-15 15:53:53,663 [Worker-14: Launching mavenrun-378d37a7-7df6-4b50-b6fc-4865ace56b74] INFO  o.eclipse.m2e.core.internal.Bundles - 	Entry: C:\Users\user\.p2\pool\plugins\org.eclipse.m2e.maven.runtime_3.9.500.20231113-2345\jars\maven-resolver-transport-http-1.9.16.jar
2024-02-15 15:53:53,665 [Worker-14: Launching mavenrun-378d37a7-7df6-4b50-b6fc-4865ace56b74] INFO  o.eclipse.m2e.core.internal.Bundles - 	Entry: C:\Users\user\.p2\pool\plugins\org.eclipse.m2e.maven.runtime_3.9.500.20231113-2345\jars\maven-resolver-transport-wagon-1.9.16.jar
2024-02-15 15:53:53,668 [Worker-14: Launching mavenrun-378d37a7-7df6-4b50-b6fc-4865ace56b74] INFO  o.eclipse.m2e.core.internal.Bundles - 	Entry: C:\Users\user\.p2\pool\plugins\org.eclipse.m2e.maven.runtime_3.9.500.20231113-2345\jars\maven-resolver-util-1.9.16.jar
2024-02-15 15:53:53,669 [Worker-14: Launching mavenrun-378d37a7-7df6-4b50-b6fc-4865ace56b74] INFO  o.eclipse.m2e.core.internal.Bundles - 	Entry: C:\Users\user\.p2\pool\plugins\org.eclipse.m2e.maven.runtime_3.9.500.20231113-2345\jars\maven-settings-3.9.5.jar
2024-02-15 15:53:53,672 [Worker-14: Launching mavenrun-378d37a7-7df6-4b50-b6fc-4865ace56b74] INFO  o.eclipse.m2e.core.internal.Bundles - 	Entry: C:\Users\user\.p2\pool\plugins\org.eclipse.m2e.maven.runtime_3.9.500.20231113-2345\jars\maven-settings-builder-3.9.5.jar
2024-02-15 15:53:53,673 [Worker-14: Launching mavenrun-378d37a7-7df6-4b50-b6fc-4865ace56b74] INFO  o.eclipse.m2e.core.internal.Bundles - 	Entry: C:\Users\user\.p2\pool\plugins\org.eclipse.m2e.maven.runtime_3.9.500.20231113-2345\jars\maven-shared-utils-3.3.4.jar
2024-02-15 15:53:53,675 [Worker-14: Launching mavenrun-378d37a7-7df6-4b50-b6fc-4865ace56b74] INFO  o.eclipse.m2e.core.internal.Bundles - 	Entry: C:\Users\user\.p2\pool\plugins\org.eclipse.m2e.maven.runtime_3.9.500.20231113-2345\jars\org.eclipse.sisu.inject-0.3.5.jar
2024-02-15 15:53:53,676 [Worker-14: Launching mavenrun-378d37a7-7df6-4b50-b6fc-4865ace56b74] INFO  o.eclipse.m2e.core.internal.Bundles - 	Entry: C:\Users\user\.p2\pool\plugins\org.eclipse.m2e.maven.runtime_3.9.500.20231113-2345\jars\org.eclipse.sisu.plexus-0.3.5.jar
2024-02-15 15:53:53,679 [Worker-14: Launching mavenrun-378d37a7-7df6-4b50-b6fc-4865ace56b74] INFO  o.eclipse.m2e.core.internal.Bundles - 	Entry: C:\Users\user\.p2\pool\plugins\org.eclipse.m2e.maven.runtime_3.9.500.20231113-2345\jars\plexus-build-api-0.0.7.jar
2024-02-15 15:53:53,680 [Worker-14: Launching mavenrun-378d37a7-7df6-4b50-b6fc-4865ace56b74] INFO  o.eclipse.m2e.core.internal.Bundles - 	Entry: C:\Users\user\.p2\pool\plugins\org.eclipse.m2e.maven.runtime_3.9.500.20231113-2345\jars\plexus-cipher-2.0.jar
2024-02-15 15:53:53,683 [Worker-14: Launching mavenrun-378d37a7-7df6-4b50-b6fc-4865ace56b74] INFO  o.eclipse.m2e.core.internal.Bundles - 	Entry: C:\Users\user\.p2\pool\plugins\org.eclipse.m2e.maven.runtime_3.9.500.20231113-2345\jars\plexus-classworlds-2.7.0.jar
2024-02-15 15:53:53,685 [Worker-14: Launching mavenrun-378d37a7-7df6-4b50-b6fc-4865ace56b74] INFO  o.eclipse.m2e.core.internal.Bundles - 	Entry: C:\Users\user\.p2\pool\plugins\org.eclipse.m2e.maven.runtime_3.9.500.20231113-2345\jars\plexus-component-annotations-2.1.0.jar
2024-02-15 15:53:53,686 [Worker-14: Launching mavenrun-378d37a7-7df6-4b50-b6fc-4865ace56b74] INFO  o.eclipse.m2e.core.internal.Bundles - 	Entry: C:\Users\user\.p2\pool\plugins\org.eclipse.m2e.maven.runtime_3.9.500.20231113-2345\jars\plexus-interpolation-1.26.jar
2024-02-15 15:53:53,688 [Worker-14: Launching mavenrun-378d37a7-7df6-4b50-b6fc-4865ace56b74] INFO  o.eclipse.m2e.core.internal.Bundles - 	Entry: C:\Users\user\.p2\pool\plugins\org.eclipse.m2e.maven.runtime_3.9.500.20231113-2345\jars\plexus-sec-dispatcher-2.0.jar
2024-02-15 15:53:53,689 [Worker-14: Launching mavenrun-378d37a7-7df6-4b50-b6fc-4865ace56b74] INFO  o.eclipse.m2e.core.internal.Bundles - 	Entry: C:\Users\user\.p2\pool\plugins\org.eclipse.m2e.maven.runtime_3.9.500.20231113-2345\jars\plexus-utils-3.5.1.jar
2024-02-15 15:53:53,690 [Worker-14: Launching mavenrun-378d37a7-7df6-4b50-b6fc-4865ace56b74] INFO  o.eclipse.m2e.core.internal.Bundles - 	Entry: C:\Users\user\.p2\pool\plugins\org.eclipse.m2e.maven.runtime_3.9.500.20231113-2345\jars\wagon-file-3.5.3.jar
2024-02-15 15:53:53,692 [Worker-14: Launching mavenrun-378d37a7-7df6-4b50-b6fc-4865ace56b74] INFO  o.eclipse.m2e.core.internal.Bundles - 	Entry: C:\Users\user\.p2\pool\plugins\org.eclipse.m2e.maven.runtime_3.9.500.20231113-2345\jars\wagon-http-3.5.3.jar
2024-02-15 15:53:53,694 [Worker-14: Launching mavenrun-378d37a7-7df6-4b50-b6fc-4865ace56b74] INFO  o.eclipse.m2e.core.internal.Bundles - 	Entry: C:\Users\user\.p2\pool\plugins\org.eclipse.m2e.maven.runtime_3.9.500.20231113-2345\jars\wagon-http-shared-3.5.3.jar
2024-02-15 15:53:53,704 [Worker-14: Launching mavenrun-378d37a7-7df6-4b50-b6fc-4865ace56b74] INFO  o.eclipse.m2e.core.internal.Bundles - 	Entry: C:\Users\user\.p2\pool\plugins\org.eclipse.m2e.maven.runtime_3.9.500.20231113-2345\jars\wagon-provider-api-3.5.3.jar
2024-02-15 15:53:53,712 [Worker-14: Launching mavenrun-378d37a7-7df6-4b50-b6fc-4865ace56b74] INFO  o.eclipse.m2e.core.internal.Bundles - getClasspathEntries(Bundle=com.google.guava_32.1.3.jre [985])
2024-02-15 15:53:53,729 [Worker-14: Launching mavenrun-378d37a7-7df6-4b50-b6fc-4865ace56b74] INFO  o.eclipse.m2e.core.internal.Bundles - 	Entry: C:\Users\user\.p2\pool\plugins\com.google.guava_32.1.3.jre.jar
2024-02-15 15:53:53,730 [Worker-14: Launching mavenrun-378d37a7-7df6-4b50-b6fc-4865ace56b74] INFO  o.eclipse.m2e.core.internal.Bundles - getClasspathEntries(Bundle=slf4j.api_2.0.11 [1008])
2024-02-15 15:53:53,732 [Worker-14: Launching mavenrun-378d37a7-7df6-4b50-b6fc-4865ace56b74] INFO  o.eclipse.m2e.core.internal.Bundles - 	Entry: C:\Users\user\.p2\pool\plugins\slf4j.api_2.0.11.jar
2024-02-15 15:53:53,732 [Worker-14: Launching mavenrun-378d37a7-7df6-4b50-b6fc-4865ace56b74] INFO  o.eclipse.m2e.core.internal.Bundles - getClasspathEntries(Bundle=javax.inject_1.0.0.v20220405-0441 [38])
2024-02-15 15:53:53,736 [Worker-14: Launching mavenrun-378d37a7-7df6-4b50-b6fc-4865ace56b74] INFO  o.eclipse.m2e.core.internal.Bundles - 	Entry: C:\Users\user\.p2\pool\plugins\javax.inject_1.0.0.v20220405-0441.jar
2024-02-15 15:53:53,739 [Worker-14: Launching mavenrun-378d37a7-7df6-4b50-b6fc-4865ace56b74] INFO  o.eclipse.m2e.core.internal.Bundles - getClasspathEntries(Bundle=javax.annotation_1.3.5.v20200909-1856 [36])
2024-02-15 15:53:53,742 [Worker-14: Launching mavenrun-378d37a7-7df6-4b50-b6fc-4865ace56b74] INFO  o.eclipse.m2e.core.internal.Bundles - 	Entry: C:\Users\user\.p2\pool\plugins\javax.annotation_1.3.5.v20200909-1856.jar
2024-02-15 15:53:53,742 [Worker-14: Launching mavenrun-378d37a7-7df6-4b50-b6fc-4865ace56b74] INFO  o.eclipse.m2e.core.internal.Bundles - getClasspathEntries(Bundle=org.apache.commons.cli_1.6.0 [990])
2024-02-15 15:53:53,744 [Worker-14: Launching mavenrun-378d37a7-7df6-4b50-b6fc-4865ace56b74] INFO  o.eclipse.m2e.core.internal.Bundles - 	Entry: C:\Users\user\.p2\pool\plugins\org.apache.commons.cli_1.6.0.jar
2024-02-15 15:53:53,747 [Worker-14: Launching mavenrun-378d37a7-7df6-4b50-b6fc-4865ace56b74] INFO  o.eclipse.m2e.core.internal.Bundles - getClasspathEntries(Bundle=org.apache.commons.commons-codec_1.16.0 [76])
2024-02-15 15:53:53,794 [Worker-14: Launching mavenrun-378d37a7-7df6-4b50-b6fc-4865ace56b74] INFO  o.eclipse.m2e.core.internal.Bundles - 	Entry: C:\Users\user\.p2\pool\plugins\org.apache.commons.commons-codec_1.16.0.jar
2024-02-15 15:53:53,794 [Worker-14: Launching mavenrun-378d37a7-7df6-4b50-b6fc-4865ace56b74] INFO  o.eclipse.m2e.core.internal.Bundles - getClasspathEntries(Bundle=org.apache.commons.lang3_3.13.0 [991])
2024-02-15 15:53:53,805 [Worker-14: Launching mavenrun-378d37a7-7df6-4b50-b6fc-4865ace56b74] INFO  o.eclipse.m2e.core.internal.Bundles - 	Entry: C:\Users\user\.p2\pool\plugins\org.apache.commons.lang3_3.13.0.jar
2024-02-15 15:53:53,806 [Worker-14: Launching mavenrun-378d37a7-7df6-4b50-b6fc-4865ace56b74] INFO  o.eclipse.m2e.core.internal.Bundles - getClasspathEntries(Bundle=com.google.guava.failureaccess_1.0.2 [987])
2024-02-15 15:53:53,809 [Worker-14: Launching mavenrun-378d37a7-7df6-4b50-b6fc-4865ace56b74] INFO  o.eclipse.m2e.core.internal.Bundles - 	Entry: C:\Users\user\.p2\pool\plugins\com.google.guava.failureaccess_1.0.2.jar
2024-02-15 15:53:53,989 [Worker-14: Launching mavenrun-378d37a7-7df6-4b50-b6fc-4865ace56b74] INFO  o.e.m.i.launch.MavenLaunchDelegate - Run build in "C:\Users\user\AppData\Local\Temp\m2e-archetypeGenerator13356202299724752885":
2024-02-15 15:53:54,019 [Worker-14: Launching mavenrun-378d37a7-7df6-4b50-b6fc-4865ace56b74] INFO  o.e.m.i.launch.MavenLaunchDelegate -  mvn  -DarchetypeGroupId=org.apache.maven.archetypes -DarchetypeArtifactId=maven-archetype-quickstart -DarchetypeVersion=1.4 -DgroupId=Demo -DartifactId=MVNProject -Dversion=0.0.1-SNAPSHOT -Dpackage=mpack -DoutputDirectory=F:\4.SeleniumPractice -Dstyle.color=always -U archetype:generate
2024-02-15 15:55:00,167 [Worker-4: Creating maven-archetype-quickstart] INFO  o.e.m.c.i.p.ProjectConfigurationManager - Collecting project info '/pom.xml' F:\4.SeleniumPractice\MVNProject\pom.xml
2024-02-15 15:55:15,452 [Worker-4: Creating maven-archetype-quickstart] INFO  o.e.m.c.i.l.LifecycleMappingFactory - Using org.eclipse.m2e.jdt.JarLifecycleMapping lifecycle mapping for MavenProject: Demo:MVNProject:0.0.1-SNAPSHOT @ F:\4.SeleniumPractice\MVNProject\pom.xml.
2024-02-15 15:55:28,633 [Worker-4: Creating maven-archetype-quickstart] INFO  o.e.m.j.i.AbstractJavaProjectConfigurator - Adding source folder /MVNProject/src/main/java
2024-02-15 15:55:28,638 [Worker-4: Creating maven-archetype-quickstart] INFO  o.e.m.j.i.AbstractJavaProjectConfigurator - Adding resource folder /MVNProject/src/main/resources
2024-02-15 15:55:28,675 [Worker-4: Creating maven-archetype-quickstart] INFO  o.e.m.j.i.AbstractJavaProjectConfigurator - Adding source folder /MVNProject/src/test/java
2024-02-15 15:55:28,677 [Worker-4: Creating maven-archetype-quickstart] INFO  o.e.m.j.i.AbstractJavaProjectConfigurator - Adding resource folder /MVNProject/src/test/resources
2024-02-15 15:55:29,232 [Worker-4: Creating maven-archetype-quickstart] INFO  o.e.m.c.i.p.ProjectConfigurationManager - Imported and configured 1 project(s) in 29 sec
2024-02-15 15:55:33,344 [Worker-14: Building] INFO  o.e.m.c.i.embedder.EclipseLogger - Using 'UTF-8' encoding to copy filtered resources.
2024-02-15 15:55:33,356 [Worker-14: Building] INFO  o.e.m.c.i.embedder.EclipseLogger - skip non existing resourceDirectory F:\4.SeleniumPractice\MVNProject\src\main\resources
2024-02-15 15:55:33,368 [Worker-14: Building] INFO  o.e.m.c.i.embedder.EclipseLogger - Using 'UTF-8' encoding to copy filtered resources.
2024-02-15 15:55:33,369 [Worker-14: Building] INFO  o.e.m.c.i.embedder.EclipseLogger - skip non existing resourceDirectory F:\4.SeleniumPractice\MVNProject\src\test\resources
2024-02-15 15:56:19,567 [Worker-18: Building] INFO  o.e.m.c.i.embedder.EclipseLogger - Using 'UTF-8' encoding to copy filtered resources.
2024-02-15 15:56:19,568 [Worker-18: Building] INFO  o.e.m.c.i.embedder.EclipseLogger - skip non existing resourceDirectory F:\4.SeleniumPractice\MVNProject\src\main\resources
2024-02-15 15:56:19,605 [Worker-18: Building] INFO  o.e.m.c.i.embedder.EclipseLogger - Using 'UTF-8' encoding to copy filtered resources.
2024-02-15 15:56:19,606 [Worker-18: Building] INFO  o.e.m.c.i.embedder.EclipseLogger - skip non existing resourceDirectory F:\4.SeleniumPractice\MVNProject\src\test\resources
2024-02-15 15:56:49,137 [Worker-4: Building] INFO  o.e.m.c.i.embedder.EclipseLogger - Using 'UTF-8' encoding to copy filtered resources.
2024-02-15 15:56:49,139 [Worker-4: Building] INFO  o.e.m.c.i.embedder.EclipseLogger - skip non existing resourceDirectory F:\4.SeleniumPractice\MVNProject\src\main\resources
2024-02-15 15:56:49,175 [Worker-4: Building] INFO  o.e.m.c.i.embedder.EclipseLogger - Using 'UTF-8' encoding to copy filtered resources.
2024-02-15 15:56:49,175 [Worker-4: Building] INFO  o.e.m.c.i.embedder.EclipseLogger - skip non existing resourceDirectory F:\4.SeleniumPractice\MVNProject\src\test\resources
2024-02-15 15:57:25,803 [Worker-4: Building] INFO  o.e.m.c.i.embedder.EclipseLogger - Using 'UTF-8' encoding to copy filtered resources.
2024-02-15 15:57:25,803 [Worker-4: Building] INFO  o.e.m.c.i.embedder.EclipseLogger - skip non existing resourceDirectory F:\4.SeleniumPractice\MVNProject\src\main\resources
2024-02-15 15:57:25,834 [Worker-4: Building] INFO  o.e.m.c.i.embedder.EclipseLogger - Using 'UTF-8' encoding to copy filtered resources.
2024-02-15 15:57:25,882 [Worker-4: Building] INFO  o.e.m.c.i.embedder.EclipseLogger - skip non existing resourceDirectory F:\4.SeleniumPractice\MVNProject\src\test\resources
2024-02-15 16:00:20,600 [Worker-17: Building] INFO  o.e.m.c.i.l.LifecycleMappingFactory - Using org.eclipse.m2e.jdt.JarLifecycleMapping lifecycle mapping for MavenProject: Demo:MVNProject:0.0.1-SNAPSHOT @ F:\4.SeleniumPractice\MVNProject\pom.xml.
2024-02-15 16:00:30,275 [Worker-17: Building] INFO  o.e.m.c.i.embedder.EclipseLogger - Using 'UTF-8' encoding to copy filtered resources.
2024-02-15 16:00:30,279 [Worker-17: Building] INFO  o.e.m.c.i.embedder.EclipseLogger - skip non existing resourceDirectory F:\4.SeleniumPractice\MVNProject\src\main\resources
2024-02-15 16:00:30,304 [Worker-17: Building] INFO  o.e.m.c.i.embedder.EclipseLogger - Using 'UTF-8' encoding to copy filtered resources.
2024-02-15 16:00:30,305 [Worker-17: Building] INFO  o.e.m.c.i.embedder.EclipseLogger - skip non existing resourceDirectory F:\4.SeleniumPractice\MVNProject\src\test\resources
2024-02-15 16:07:28,423 [Worker-17: Building] INFO  o.e.m.c.i.embedder.EclipseLogger - Using 'UTF-8' encoding to copy filtered resources.
2024-02-15 16:07:28,436 [Worker-17: Building] INFO  o.e.m.c.i.embedder.EclipseLogger - skip non existing resourceDirectory F:\4.SeleniumPractice\MVNProject\src\main\resources
2024-02-15 16:07:28,444 [Worker-17: Building] INFO  o.e.m.c.i.embedder.EclipseLogger - Using 'UTF-8' encoding to copy filtered resources.
2024-02-15 16:07:28,445 [Worker-17: Building] INFO  o.e.m.c.i.embedder.EclipseLogger - skip non existing resourceDirectory F:\4.SeleniumPractice\MVNProject\src\test\resources
2024-02-15 16:11:24,254 [Worker-30: Building] INFO  o.e.m.c.i.embedder.EclipseLogger - Using 'UTF-8' encoding to copy filtered resources.
2024-02-15 16:11:24,256 [Worker-30: Building] INFO  o.e.m.c.i.embedder.EclipseLogger - skip non existing resourceDirectory F:\4.SeleniumPractice\MVNProject\src\main\resources
2024-02-15 16:11:24,271 [Worker-30: Building] INFO  o.e.m.c.i.embedder.EclipseLogger - Using 'UTF-8' encoding to copy filtered resources.
2024-02-15 16:11:24,272 [Worker-30: Building] INFO  o.e.m.c.i.embedder.EclipseLogger - skip non existing resourceDirectory F:\4.SeleniumPractice\MVNProject\src\test\resources
2024-02-15 16:11:35,223 [Worker-29: Building] INFO  o.e.m.c.i.embedder.EclipseLogger - Using 'UTF-8' encoding to copy filtered resources.
2024-02-15 16:11:35,224 [Worker-29: Building] INFO  o.e.m.c.i.embedder.EclipseLogger - skip non existing resourceDirectory F:\4.SeleniumPractice\MVNProject\src\main\resources
2024-02-15 16:11:35,244 [Worker-29: Building] INFO  o.e.m.c.i.embedder.EclipseLogger - Using 'UTF-8' encoding to copy filtered resources.
2024-02-15 16:11:35,244 [Worker-29: Building] INFO  o.e.m.c.i.embedder.EclipseLogger - skip non existing resourceDirectory F:\4.SeleniumPractice\MVNProject\src\test\resources
2024-02-15 16:15:48,416 [Worker-29: Building] INFO  o.e.m.c.i.l.LifecycleMappingFactory - Using org.eclipse.m2e.jdt.JarLifecycleMapping lifecycle mapping for MavenProject: Demo:MVNProject:0.0.1-SNAPSHOT @ F:\4.SeleniumPractice\MVNProject\pom.xml.
2024-02-15 16:16:12,509 [Worker-29: Building] INFO  o.e.m.c.i.embedder.EclipseLogger - Using 'UTF-8' encoding to copy filtered resources.
2024-02-15 16:16:12,510 [Worker-29: Building] INFO  o.e.m.c.i.embedder.EclipseLogger - skip non existing resourceDirectory F:\4.SeleniumPractice\MVNProject\src\main\resources
2024-02-15 16:16:12,567 [Worker-29: Building] INFO  o.e.m.c.i.embedder.EclipseLogger - Using 'UTF-8' encoding to copy filtered resources.
2024-02-15 16:16:12,568 [Worker-29: Building] INFO  o.e.m.c.i.embedder.EclipseLogger - skip non existing resourceDirectory F:\4.SeleniumPractice\MVNProject\src\test\resources
2024-02-15 16:16:29,001 [Worker-33: Building] INFO  o.e.m.c.i.l.LifecycleMappingFactory - Using org.eclipse.m2e.jdt.JarLifecycleMapping lifecycle mapping for MavenProject: Demo:MVNProject:0.0.1-SNAPSHOT @ F:\4.SeleniumPractice\MVNProject\pom.xml.
2024-02-15 16:16:36,986 [Worker-33: Building] INFO  o.e.m.c.i.embedder.EclipseLogger - Using 'UTF-8' encoding to copy filtered resources.
2024-02-15 16:16:36,988 [Worker-33: Building] INFO  o.e.m.c.i.embedder.EclipseLogger - skip non existing resourceDirectory F:\4.SeleniumPractice\MVNProject\src\main\resources
2024-02-15 16:16:37,006 [Worker-33: Building] INFO  o.e.m.c.i.embedder.EclipseLogger - Using 'UTF-8' encoding to copy filtered resources.
2024-02-15 16:16:37,007 [Worker-33: Building] INFO  o.e.m.c.i.embedder.EclipseLogger - skip non existing resourceDirectory F:\4.SeleniumPractice\MVNProject\src\test\resources
2024-02-15 16:17:10,207 [Worker-32: Building] INFO  o.e.m.c.i.embedder.EclipseLogger - Using 'UTF-8' encoding to copy filtered resources.
2024-02-15 16:17:10,208 [Worker-32: Building] INFO  o.e.m.c.i.embedder.EclipseLogger - skip non existing resourceDirectory F:\4.SeleniumPractice\MVNProject\src\main\resources
2024-02-15 16:17:10,304 [Worker-32: Building] INFO  o.e.m.c.i.embedder.EclipseLogger - Using 'UTF-8' encoding to copy filtered resources.
2024-02-15 16:17:10,304 [Worker-32: Building] INFO  o.e.m.c.i.embedder.EclipseLogger - skip non existing resourceDirectory F:\4.SeleniumPractice\MVNProject\src\test\resources
2024-02-15 16:17:23,674 [Worker-34: Building] INFO  o.e.m.c.i.embedder.EclipseLogger - Using 'UTF-8' encoding to copy filtered resources.
2024-02-15 16:17:23,675 [Worker-34: Building] INFO  o.e.m.c.i.embedder.EclipseLogger - skip non existing resourceDirectory F:\4.SeleniumPractice\MVNProject\src\main\resources
2024-02-15 16:17:23,756 [Worker-34: Building] INFO  o.e.m.c.i.embedder.EclipseLogger - Using 'UTF-8' encoding to copy filtered resources.
2024-02-15 16:17:23,757 [Worker-34: Building] INFO  o.e.m.c.i.embedder.EclipseLogger - skip non existing resourceDirectory F:\4.SeleniumPractice\MVNProject\src\test\resources
2024-02-15 16:19:13,761 [Worker-30: Building] INFO  o.e.m.c.i.embedder.EclipseLogger - Using 'UTF-8' encoding to copy filtered resources.
2024-02-15 16:19:13,762 [Worker-30: Building] INFO  o.e.m.c.i.embedder.EclipseLogger - skip non existing resourceDirectory F:\4.SeleniumPractice\MVNProject\src\main\resources
2024-02-15 16:19:13,810 [Worker-30: Building] INFO  o.e.m.c.i.embedder.EclipseLogger - Using 'UTF-8' encoding to copy filtered resources.
2024-02-15 16:19:13,815 [Worker-30: Building] INFO  o.e.m.c.i.embedder.EclipseLogger - skip non existing resourceDirectory F:\4.SeleniumPractice\MVNProject\src\test\resources
2024-02-15 16:24:22,691 [Worker-39: Building] INFO  o.e.m.c.i.embedder.EclipseLogger - Using 'UTF-8' encoding to copy filtered resources.
2024-02-15 16:24:22,695 [Worker-39: Building] INFO  o.e.m.c.i.embedder.EclipseLogger - skip non existing resourceDirectory F:\4.SeleniumPractice\MVNProject\src\main\resources
2024-02-15 16:24:22,725 [Worker-39: Building] INFO  o.e.m.c.i.embedder.EclipseLogger - Using 'UTF-8' encoding to copy filtered resources.
2024-02-15 16:24:22,737 [Worker-39: Building] INFO  o.e.m.c.i.embedder.EclipseLogger - skip non existing resourceDirectory F:\4.SeleniumPractice\MVNProject\src\test\resources
2024-02-15 16:25:10,536 [Worker-39: Building] INFO  o.e.m.c.i.embedder.EclipseLogger - Using 'UTF-8' encoding to copy filtered resources.
2024-02-15 16:25:10,600 [Worker-39: Building] INFO  o.e.m.c.i.embedder.EclipseLogger - skip non existing resourceDirectory F:\4.SeleniumPractice\MVNProject\src\main\resources
2024-02-15 16:25:11,319 [Worker-39: Building] INFO  o.e.m.c.i.embedder.EclipseLogger - Using 'UTF-8' encoding to copy filtered resources.
2024-02-15 16:25:11,320 [Worker-39: Building] INFO  o.e.m.c.i.embedder.EclipseLogger - skip non existing resourceDirectory F:\4.SeleniumPractice\MVNProject\src\test\resources
2024-02-15 16:25:39,223 [Worker-38: Building] INFO  o.e.m.c.i.embedder.EclipseLogger - Using 'UTF-8' encoding to copy filtered resources.
2024-02-15 16:25:39,224 [Worker-38: Building] INFO  o.e.m.c.i.embedder.EclipseLogger - skip non existing resourceDirectory F:\4.SeleniumPractice\MVNProject\src\main\resources
2024-02-15 16:25:39,246 [Worker-38: Building] INFO  o.e.m.c.i.embedder.EclipseLogger - Using 'UTF-8' encoding to copy filtered resources.
2024-02-15 16:25:39,247 [Worker-38: Building] INFO  o.e.m.c.i.embedder.EclipseLogger - skip non existing resourceDirectory F:\4.SeleniumPractice\MVNProject\src\test\resources
2024-02-15 16:25:52,926 [Worker-38: Building] INFO  o.e.m.c.i.embedder.EclipseLogger - Using 'UTF-8' encoding to copy filtered resources.
2024-02-15 16:25:52,927 [Worker-38: Building] INFO  o.e.m.c.i.embedder.EclipseLogger - skip non existing resourceDirectory F:\4.SeleniumPractice\MVNProject\src\main\resources
2024-02-15 16:25:52,943 [Worker-38: Building] INFO  o.e.m.c.i.embedder.EclipseLogger - Using 'UTF-8' encoding to copy filtered resources.
2024-02-15 16:25:52,944 [Worker-38: Building] INFO  o.e.m.c.i.embedder.EclipseLogger - skip non existing resourceDirectory F:\4.SeleniumPractice\MVNProject\src\test\resources
2024-02-15 16:28:02,259 [Worker-38: Building] INFO  o.e.m.c.i.embedder.EclipseLogger - Using 'UTF-8' encoding to copy filtered resources.
2024-02-15 16:28:02,260 [Worker-38: Building] INFO  o.e.m.c.i.embedder.EclipseLogger - skip non existing resourceDirectory F:\4.SeleniumPractice\MVNProject\src\main\resources
2024-02-15 16:28:02,270 [Worker-38: Building] INFO  o.e.m.c.i.embedder.EclipseLogger - Using 'UTF-8' encoding to copy filtered resources.
2024-02-15 16:28:02,271 [Worker-38: Building] INFO  o.e.m.c.i.embedder.EclipseLogger - skip non existing resourceDirectory F:\4.SeleniumPractice\MVNProject\src\test\resources
2024-02-15 16:29:43,103 [Worker-42: Building] INFO  o.e.m.c.i.embedder.EclipseLogger - Using 'UTF-8' encoding to copy filtered resources.
2024-02-15 16:29:43,104 [Worker-42: Building] INFO  o.e.m.c.i.embedder.EclipseLogger - skip non existing resourceDirectory F:\4.SeleniumPractice\MVNProject\src\main\resources
2024-02-15 16:29:43,114 [Worker-42: Building] INFO  o.e.m.c.i.embedder.EclipseLogger - Using 'UTF-8' encoding to copy filtered resources.
2024-02-15 16:29:43,115 [Worker-42: Building] INFO  o.e.m.c.i.embedder.EclipseLogger - skip non existing resourceDirectory F:\4.SeleniumPractice\MVNProject\src\test\resources
2024-02-15 16:49:24,223 [Worker-47: Building] INFO  o.e.m.c.i.embedder.EclipseLogger - Using 'UTF-8' encoding to copy filtered resources.
2024-02-15 16:49:24,224 [Worker-47: Building] INFO  o.e.m.c.i.embedder.EclipseLogger - skip non existing resourceDirectory F:\4.SeleniumPractice\MVNProject\src\main\resources
2024-02-15 16:49:24,234 [Worker-47: Building] INFO  o.e.m.c.i.embedder.EclipseLogger - Using 'UTF-8' encoding to copy filtered resources.
2024-02-15 16:49:24,234 [Worker-47: Building] INFO  o.e.m.c.i.embedder.EclipseLogger - skip non existing resourceDirectory F:\4.SeleniumPractice\MVNProject\src\test\resources
2024-02-15 16:54:59,904 [Worker-47: Building] INFO  o.e.m.c.i.embedder.EclipseLogger - Using 'UTF-8' encoding to copy filtered resources.
2024-02-15 16:55:00,043 [Worker-47: Building] INFO  o.e.m.c.i.embedder.EclipseLogger - skip non existing resourceDirectory F:\4.SeleniumPractice\MVNProject\src\main\resources
2024-02-15 16:55:00,071 [Worker-47: Building] INFO  o.e.m.c.i.embedder.EclipseLogger - Using 'UTF-8' encoding to copy filtered resources.
2024-02-15 16:55:00,072 [Worker-47: Building] INFO  o.e.m.c.i.embedder.EclipseLogger - skip non existing resourceDirectory F:\4.SeleniumPractice\MVNProject\src\test\resources
2024-02-15 16:55:23,919 [Worker-53: Building] INFO  o.e.m.c.i.embedder.EclipseLogger - Using 'UTF-8' encoding to copy filtered resources.
2024-02-15 16:55:23,920 [Worker-53: Building] INFO  o.e.m.c.i.embedder.EclipseLogger - skip non existing resourceDirectory F:\4.SeleniumPractice\MVNProject\src\main\resources
2024-02-15 16:55:23,931 [Worker-53: Building] INFO  o.e.m.c.i.embedder.EclipseLogger - Using 'UTF-8' encoding to copy filtered resources.
2024-02-15 16:55:23,932 [Worker-53: Building] INFO  o.e.m.c.i.embedder.EclipseLogger - skip non existing resourceDirectory F:\4.SeleniumPractice\MVNProject\src\test\resources
2024-02-15 16:58:17,699 [Worker-47: Launching Demo] INFO  o.e.m.c.i.embedder.EclipseLogger - Using 'UTF-8' encoding to copy filtered resources.
2024-02-15 16:58:17,700 [Worker-47: Launching Demo] INFO  o.e.m.c.i.embedder.EclipseLogger - skip non existing resourceDirectory F:\4.SeleniumPractice\MVNProject\src\main\resources
2024-02-15 16:58:17,707 [Worker-47: Launching Demo] INFO  o.e.m.c.i.embedder.EclipseLogger - Using 'UTF-8' encoding to copy filtered resources.
2024-02-15 16:58:17,708 [Worker-47: Launching Demo] INFO  o.e.m.c.i.embedder.EclipseLogger - skip non existing resourceDirectory F:\4.SeleniumPractice\MVNProject\src\test\resources
2024-02-15 16:59:53,096 [Worker-51: Building] INFO  o.e.m.c.i.embedder.EclipseLogger - Using 'UTF-8' encoding to copy filtered resources.
2024-02-15 16:59:53,096 [Worker-51: Building] INFO  o.e.m.c.i.embedder.EclipseLogger - skip non existing resourceDirectory F:\4.SeleniumPractice\MVNProject\src\main\resources
2024-02-15 16:59:53,113 [Worker-51: Building] INFO  o.e.m.c.i.embedder.EclipseLogger - Using 'UTF-8' encoding to copy filtered resources.
2024-02-15 16:59:53,113 [Worker-51: Building] INFO  o.e.m.c.i.embedder.EclipseLogger - skip non existing resourceDirectory F:\4.SeleniumPractice\MVNProject\src\test\resources
2024-02-15 17:08:24,432 [Worker-56: Building] INFO  o.e.m.c.i.embedder.EclipseLogger - Using 'UTF-8' encoding to copy filtered resources.
2024-02-15 17:08:24,433 [Worker-56: Building] INFO  o.e.m.c.i.embedder.EclipseLogger - skip non existing resourceDirectory F:\4.SeleniumPractice\MVNProject\src\main\resources
2024-02-15 17:08:24,447 [Worker-56: Building] INFO  o.e.m.c.i.embedder.EclipseLogger - Using 'UTF-8' encoding to copy filtered resources.
2024-02-15 17:08:24,447 [Worker-56: Building] INFO  o.e.m.c.i.embedder.EclipseLogger - skip non existing resourceDirectory F:\4.SeleniumPractice\MVNProject\src\test\resources
2024-02-15 17:09:17,593 [Worker-59: Building] INFO  o.e.m.c.i.embedder.EclipseLogger - Using 'UTF-8' encoding to copy filtered resources.
2024-02-15 17:09:17,594 [Worker-59: Building] INFO  o.e.m.c.i.embedder.EclipseLogger - skip non existing resourceDirectory F:\4.SeleniumPractice\MVNProject\src\main\resources
2024-02-15 17:09:17,615 [Worker-59: Building] INFO  o.e.m.c.i.embedder.EclipseLogger - Using 'UTF-8' encoding to copy filtered resources.
2024-02-15 17:09:17,615 [Worker-59: Building] INFO  o.e.m.c.i.embedder.EclipseLogger - skip non existing resourceDirectory F:\4.SeleniumPractice\MVNProject\src\test\resources
2024-02-15 17:11:24,128 [Worker-59: Building] INFO  o.e.m.c.i.embedder.EclipseLogger - Using 'UTF-8' encoding to copy filtered resources.
2024-02-15 17:11:24,128 [Worker-59: Building] INFO  o.e.m.c.i.embedder.EclipseLogger - skip non existing resourceDirectory F:\4.SeleniumPractice\MVNProject\src\main\resources
2024-02-15 17:11:24,134 [Worker-59: Building] INFO  o.e.m.c.i.embedder.EclipseLogger - Using 'UTF-8' encoding to copy filtered resources.
2024-02-15 17:11:24,135 [Worker-59: Building] INFO  o.e.m.c.i.embedder.EclipseLogger - skip non existing resourceDirectory F:\4.SeleniumPractice\MVNProject\src\test\resources
2024-02-15 17:14:03,861 [Worker-61: Building] INFO  o.e.m.c.i.embedder.EclipseLogger - Using 'UTF-8' encoding to copy filtered resources.
2024-02-15 17:14:03,863 [Worker-61: Building] INFO  o.e.m.c.i.embedder.EclipseLogger - skip non existing resourceDirectory F:\4.SeleniumPractice\MVNProject\src\main\resources
2024-02-15 17:14:03,872 [Worker-61: Building] INFO  o.e.m.c.i.embedder.EclipseLogger - Using 'UTF-8' encoding to copy filtered resources.
2024-02-15 17:14:03,873 [Worker-61: Building] INFO  o.e.m.c.i.embedder.EclipseLogger - skip non existing resourceDirectory F:\4.SeleniumPractice\MVNProject\src\test\resources
2024-02-15 17:18:46,939 [Worker-56: Building] INFO  o.e.m.c.i.embedder.EclipseLogger - Using 'UTF-8' encoding to copy filtered resources.
2024-02-15 17:18:46,939 [Worker-56: Building] INFO  o.e.m.c.i.embedder.EclipseLogger - skip non existing resourceDirectory F:\4.SeleniumPractice\MVNProject\src\main\resources
2024-02-15 17:18:46,976 [Worker-56: Building] INFO  o.e.m.c.i.embedder.EclipseLogger - Using 'UTF-8' encoding to copy filtered resources.
2024-02-15 17:18:46,977 [Worker-56: Building] INFO  o.e.m.c.i.embedder.EclipseLogger - skip non existing resourceDirectory F:\4.SeleniumPractice\MVNProject\src\test\resources
2024-02-15 17:19:16,259 [Worker-64: Building] INFO  o.e.m.c.i.embedder.EclipseLogger - Using 'UTF-8' encoding to copy filtered resources.
2024-02-15 17:19:16,260 [Worker-64: Building] INFO  o.e.m.c.i.embedder.EclipseLogger - skip non existing resourceDirectory F:\4.SeleniumPractice\MVNProject\src\main\resources
2024-02-15 17:19:16,266 [Worker-64: Building] INFO  o.e.m.c.i.embedder.EclipseLogger - Using 'UTF-8' encoding to copy filtered resources.
2024-02-15 17:19:16,267 [Worker-64: Building] INFO  o.e.m.c.i.embedder.EclipseLogger - skip non existing resourceDirectory F:\4.SeleniumPractice\MVNProject\src\test\resources
2024-02-15 17:21:46,773 [Worker-66: Building] INFO  o.e.m.c.i.embedder.EclipseLogger - Using 'UTF-8' encoding to copy filtered resources.
2024-02-15 17:21:46,773 [Worker-66: Building] INFO  o.e.m.c.i.embedder.EclipseLogger - skip non existing resourceDirectory F:\4.SeleniumPractice\MVNProject\src\main\resources
2024-02-15 17:21:46,797 [Worker-66: Building] INFO  o.e.m.c.i.embedder.EclipseLogger - Using 'UTF-8' encoding to copy filtered resources.
2024-02-15 17:21:46,797 [Worker-66: Building] INFO  o.e.m.c.i.embedder.EclipseLogger - skip non existing resourceDirectory F:\4.SeleniumPractice\MVNProject\src\test\resources
2024-02-15 17:24:10,021 [Worker-67: Building] INFO  o.e.m.c.i.embedder.EclipseLogger - Using 'UTF-8' encoding to copy filtered resources.
2024-02-15 17:24:10,024 [Worker-67: Building] INFO  o.e.m.c.i.embedder.EclipseLogger - skip non existing resourceDirectory F:\4.SeleniumPractice\MVNProject\src\main\resources
2024-02-15 17:24:10,058 [Worker-67: Building] INFO  o.e.m.c.i.embedder.EclipseLogger - Using 'UTF-8' encoding to copy filtered resources.
2024-02-15 17:24:10,059 [Worker-67: Building] INFO  o.e.m.c.i.embedder.EclipseLogger - skip non existing resourceDirectory F:\4.SeleniumPractice\MVNProject\src\test\resources
2024-02-15 17:26:14,994 [Worker-64: Building] INFO  o.e.m.c.i.embedder.EclipseLogger - Using 'UTF-8' encoding to copy filtered resources.
2024-02-15 17:26:14,995 [Worker-64: Building] INFO  o.e.m.c.i.embedder.EclipseLogger - skip non existing resourceDirectory F:\4.SeleniumPractice\MVNProject\src\main\resources
2024-02-15 17:26:15,079 [Worker-64: Building] INFO  o.e.m.c.i.embedder.EclipseLogger - Using 'UTF-8' encoding to copy filtered resources.
2024-02-15 17:26:15,080 [Worker-64: Building] INFO  o.e.m.c.i.embedder.EclipseLogger - skip non existing resourceDirectory F:\4.SeleniumPractice\MVNProject\src\test\resources
2024-02-15 17:28:44,184 [Worker-66: Building] INFO  o.e.m.c.i.embedder.EclipseLogger - Using 'UTF-8' encoding to copy filtered resources.
2024-02-15 17:28:44,186 [Worker-66: Building] INFO  o.e.m.c.i.embedder.EclipseLogger - skip non existing resourceDirectory F:\4.SeleniumPractice\MVNProject\src\main\resources
2024-02-15 17:28:44,194 [Worker-66: Building] INFO  o.e.m.c.i.embedder.EclipseLogger - Using 'UTF-8' encoding to copy filtered resources.
2024-02-15 17:28:44,194 [Worker-66: Building] INFO  o.e.m.c.i.embedder.EclipseLogger - skip non existing resourceDirectory F:\4.SeleniumPractice\MVNProject\src\test\resources
2024-02-15 20:53:55,683 [Worker-3: Loading available Gradle versions] INFO  o.e.b.c.i.u.g.PublishedGradleVersions - Gradle version information cache is up-to-date. Trying to read.
2024-02-15 21:02:23,575 [Worker-5: reload maven project] ERROR o.e.m2e.editor.pom.MavenPomEditor - failed to load maven project for org.eclipse.ui.part.FileEditorInput(/MVNProject/pom.xml)
org.eclipse.core.runtime.CoreException: Could not read maven project
	at org.eclipse.m2e.core.internal.project.registry.ProjectRegistryManager.readProjectWithDependencies(ProjectRegistryManager.java:913)
	at org.eclipse.m2e.core.internal.project.registry.MavenProjectCache$CacheLine.lambda$1(MavenProjectCache.java:192)
	at java.base/java.util.concurrent.ConcurrentHashMap.computeIfAbsent(ConcurrentHashMap.java:1708)
	at org.eclipse.m2e.core.internal.project.registry.MavenProjectCache$CacheLine.getProject(MavenProjectCache.java:191)
	at org.eclipse.m2e.core.internal.project.registry.MavenProjectCache.getMavenProject(MavenProjectCache.java:105)
	at org.eclipse.m2e.core.internal.project.registry.ProjectRegistryManager.lambda$24(ProjectRegistryManager.java:1099)
	at java.base/java.util.Map.computeIfAbsent(Map.java:1066)
	at org.eclipse.m2e.core.internal.project.registry.ProjectRegistryManager.getMavenProject(ProjectRegistryManager.java:1098)
	at org.eclipse.m2e.core.internal.project.registry.MavenProjectFacade.getMavenProject(MavenProjectFacade.java:289)
	at org.eclipse.m2e.core.ui.internal.actions.SelectionUtil.getMavenProject(SelectionUtil.java:241)
	at org.eclipse.m2e.editor.pom.MavenPomEditor.readMavenProject(MavenPomEditor.java:709)
	at org.eclipse.m2e.editor.pom.MavenPomEditor$4.run(MavenPomEditor.java:1029)
	at org.eclipse.core.internal.jobs.Worker.run(Worker.java:63)
